Using pre-set license
Built from '2020.3/staging' branch; Version is '2020.3.25f1 (9b9180224418) revision 10195328'; Using compiler version '192528614'; Build Type 'Release'
OS: 'Windows 10  (10.0.19044) 64bit Professional' Language: 'ru' Physical Memory: 24439 MB
BatchMode: 1, IsHumanControllingUs: 0, StartBugReporterOnCrash: 0, Is64bit: 1, IsPro: 0

COMMAND LINE ARGUMENTS:
F:\Programs\Unity\2020.3.25f1\Editor\Unity.exe
-adb2
-batchMode
-noUpm
-name
AssetImportWorker0
-projectPath
F:/Programs/GitHub/unity/Clone HelixJump
-logFile
Logs/AssetImportWorker0.log
-srvPort
50776
Successfully changed project path to: F:/Programs/GitHub/unity/Clone HelixJump
F:/Programs/GitHub/unity/Clone HelixJump
Using Asset Import Pipeline V2.
Refreshing native plugins compatible for Editor in 55.60 ms, found 2 plugins.
Preloading 0 native plugins for Editor in 0.00 ms.
Initialize engine version: 2020.3.25f1 (9b9180224418)
[Subsystems] Discovering subsystems at path F:/Programs/Unity/2020.3.25f1/Editor/Data/Resources/UnitySubsystems
[Subsystems] Discovering subsystems at path F:/Programs/GitHub/unity/Clone HelixJump/Assets
GfxDevice: creating device client; threaded=0
Direct3D:
    Version:  Direct3D 11.0 [level 11.1]
    Renderer: NVIDIA GeForce GTX 1060 6GB (ID=0x1c03)
    Vendor:   
    VRAM:     6052 MB
    Driver:   31.0.15.1659
Initialize mono
Mono path[0] = 'F:/Programs/Unity/2020.3.25f1/Editor/Data/Managed'
Mono path[1] = 'F:/Programs/Unity/2020.3.25f1/Editor/Data/MonoBleedingEdge/lib/mono/unityjit'
Mono config path = 'F:/Programs/Unity/2020.3.25f1/Editor/Data/MonoBleedingEdge/etc'
Using monoOptions --debugger-agent=transport=dt_socket,embedding=1,server=y,suspend=n,address=127.0.0.1:56560
Begin MonoManager ReloadAssembly
Registering precompiled unity dll's ...
Register platform support module: F:/Programs/Unity/2020.3.25f1/Editor/Data/PlaybackEngines/WebGLSupport/UnityEditor.WebGL.Extensions.dll
Register platform support module: F:/Programs/Unity/2020.3.25f1/Editor/Data/PlaybackEngines/WindowsStandaloneSupport/UnityEditor.WindowsStandalone.Extensions.dll
Registered in 0.001006 seconds.
Native extension for WindowsStandalone target not found
Native extension for WebGL target not found
Refreshing native plugins compatible for Editor in 57.20 ms, found 2 plugins.
Preloading 0 native plugins for Editor in 0.00 ms.
Mono: successfully reloaded assembly
- Completed reload, in  0.582 seconds
Domain Reload Profiling:
	ReloadAssembly (582ms)
		BeginReloadAssembly (52ms)
			ExecutionOrderSort (0ms)
			DisableScriptedObjects (0ms)
			BackupInstance (0ms)
			ReleaseScriptingObjects (0ms)
			CreateAndSetChildDomain (1ms)
		EndReloadAssembly (461ms)
			LoadAssemblies (52ms)
			RebuildTransferFunctionScriptingTraits (0ms)
			SetupTypeCache (141ms)
			ReleaseScriptCaches (0ms)
			RebuildScriptCaches (36ms)
			SetupLoadedEditorAssemblies (194ms)
				LogAssemblyErrors (0ms)
				InitializePlatformSupportModulesInManaged (6ms)
				SetLoadedEditorAssemblies (0ms)
				RefreshPlugins (57ms)
				BeforeProcessingInitializeOnLoad (16ms)
				ProcessInitializeOnLoadAttributes (87ms)
				ProcessInitializeOnLoadMethodAttributes (28ms)
				AfterProcessingInitializeOnLoad (0ms)
				EditorAssembliesLoaded (0ms)
			ExecutionOrderSort2 (0ms)
			AwakeInstancesAfterBackupRestoration (0ms)
Platform modules already initialized, skipping
Registering precompiled user dll's ...
Registered in 0.002833 seconds.
Begin MonoManager ReloadAssembly
Native extension for WindowsStandalone target not found
Native extension for WebGL target not found
Refreshing native plugins compatible for Editor in 57.81 ms, found 2 plugins.
Preloading 0 native plugins for Editor in 0.00 ms.
Mono: successfully reloaded assembly
- Completed reload, in  1.188 seconds
Domain Reload Profiling:
	ReloadAssembly (1189ms)
		BeginReloadAssembly (137ms)
			ExecutionOrderSort (0ms)
			DisableScriptedObjects (5ms)
			BackupInstance (0ms)
			ReleaseScriptingObjects (0ms)
			CreateAndSetChildDomain (18ms)
		EndReloadAssembly (996ms)
			LoadAssemblies (85ms)
			RebuildTransferFunctionScriptingTraits (0ms)
			SetupTypeCache (329ms)
			ReleaseScriptCaches (1ms)
			RebuildScriptCaches (88ms)
			SetupLoadedEditorAssemblies (378ms)
				LogAssemblyErrors (0ms)
				InitializePlatformSupportModulesInManaged (5ms)
				SetLoadedEditorAssemblies (0ms)
				RefreshPlugins (58ms)
				BeforeProcessingInitializeOnLoad (99ms)
				ProcessInitializeOnLoadAttributes (204ms)
				ProcessInitializeOnLoadMethodAttributes (10ms)
				AfterProcessingInitializeOnLoad (2ms)
				EditorAssembliesLoaded (0ms)
			ExecutionOrderSort2 (0ms)
			AwakeInstancesAfterBackupRestoration (7ms)
Platform modules already initialized, skipping
========================================================================
Worker process is ready to serve import requests
Launched and connected shader compiler UnityShaderCompiler.exe after 0.03 seconds
Refreshing native plugins compatible for Editor in 0.61 ms, found 2 plugins.
Preloading 0 native plugins for Editor in 0.00 ms.
Unloading 3346 Unused Serialized files (Serialized files now loaded: 0)
System memory in use before: 147.1 MB.
System memory in use after: 147.3 MB.

Unloading 20 unused Assets to reduce memory usage. Loaded Objects now: 3782.
Total: 3.280600 ms (FindLiveObjects: 0.239100 ms CreateObjectMapping: 0.138100 ms MarkObjects: 2.837500 ms  DeleteObjects: 0.064700 ms)

AssetImportParameters requested are different than current active one (requested -> active):
  custom:framework-win-MediaFoundation: 216162199b28c13a410421893ffa2e32 -> 
  custom:video-decoder-ogg-theora: a1e56fd34408186e4bbccfd4996cb3dc -> 
  custom:container-muxer-webm: aa71ff27fc2769a1b78a27578f13a17b -> 
  custom:container-demuxer-webm: 4f35f7cbe854078d1ac9338744f61a02 -> 
  custom:container-demuxer-ogg: 62fdf1f143b41e24485cea50d1cbac27 -> 
  custom:video-encoder-webm-vp8: eb34c28f22e8b96e1ab97ce403110664 -> 
  custom:video-decoder-webm-vp8: 9c59270c3fd7afecdb556c50c9e8de78 -> 
  custom:audio-decoder-ogg-vorbis: bf7c407c2cedff20999df2af8eb42d56 -> 
  custom:audio-encoder-webm-vorbis: bf7c407c2cedff20999df2af8eb42d56 -> 
========================================================================
Received Import Request.
  path: Assets/Fantasy SFX for Particle Distort Texture effect library/readme_Fantasy SFX for Particle Distort Texture effect library.txt
  artifactKey: Guid(7bd7d318779ae2e4a9e12337b6cde58f) Importer(815301076,1909f56bfc062723c751e8b465ee728b)
Start importing Assets/Fantasy SFX for Particle Distort Texture effect library/readme_Fantasy SFX for Particle Distort Texture effect library.txt using Guid(7bd7d318779ae2e4a9e12337b6cde58f) Importer(815301076,1909f56bfc062723c751e8b465ee728b)  -> (artifact id: 'f98cd24e5b3e1d219db6e04ea884d46f') in 0.043567 seconds 
  Import took 0.048785 seconds .

========================================================================
Received Import Request.
  Time since last request: 0.000257 seconds.
  path: Assets/Fantasy SFX for Particle Distort Texture effect library/sfx_abyss.wav
  artifactKey: Guid(3b8802e7aeef74e40a46ee4ed4e48bd4) Importer(815301076,1909f56bfc062723c751e8b465ee728b)
Start importing Assets/Fantasy SFX for Particle Distort Texture effect library/sfx_abyss.wav using Guid(3b8802e7aeef74e40a46ee4ed4e48bd4) Importer(815301076,1909f56bfc062723c751e8b465ee728b)  -> (artifact id: '1e47a5292a96f564023afb380cd9b764') in 0.185149 seconds 
  Import took 0.189700 seconds .

========================================================================
Received Import Request.
  Time since last request: 0.000263 seconds.
  path: Assets/Fantasy SFX for Particle Distort Texture effect library/msfx_shield_wind.wav
  artifactKey: Guid(7c7c0a86e2d72ba4985f437397013dd6) Importer(815301076,1909f56bfc062723c751e8b465ee728b)
Start importing Assets/Fantasy SFX for Particle Distort Texture effect library/msfx_shield_wind.wav using Guid(7c7c0a86e2d72ba4985f437397013dd6) Importer(815301076,1909f56bfc062723c751e8b465ee728b)  -> (artifact id: 'd3810475da770b406ddd26a9401d3787') in 0.033327 seconds 
  Import took 0.037856 seconds .

========================================================================
Received Import Request.
  Time since last request: 3.200900 seconds.
  path: Assets/Fantasy SFX for Particle Distort Texture effect library/sfx_explosion_2.wav
  artifactKey: Guid(8c77850bf78c07a49b57e00fe175d6a6) Importer(815301076,1909f56bfc062723c751e8b465ee728b)
Start importing Assets/Fantasy SFX for Particle Distort Texture effect library/sfx_explosion_2.wav using Guid(8c77850bf78c07a49b57e00fe175d6a6) Importer(815301076,1909f56bfc062723c751e8b465ee728b)  -> (artifact id: 'e81f9de63669da8580e43b6797fb565e') in 0.011380 seconds 
  Import took 0.016421 seconds .

AssetImportWorkerClient::OnTransportError - code=2 error=End of file
